<?xml version="1.0" encoding="UTF-8"?>
<testsuite name="kr.ac.jejunu.user.UserDaoTests" tests="2" skipped="0" failures="0" errors="0" timestamp="2020-04-26T07:09:45" hostname="yongjae-ubuntu" time="0.787">
  <properties/>
  <testcase name="insert()" classname="kr.ac.jejunu.user.UserDaoTests" time="0.75"/>
  <testcase name="get()" classname="kr.ac.jejunu.user.UserDaoTests" time="0.035"/>
  <system-out><![CDATA[]]></system-out>
  <system-err><![CDATA[]]></system-err>
</testsuite>
