<?xml version="1.0" encoding="UTF-8"?>
<testsuite name="kr.ac.jejunu.user.UserDaoTests" tests="4" skipped="0" failures="0" errors="0" timestamp="2020-05-01T10:43:04" hostname="yongjae-ubuntu" time="0.934">
  <properties/>
  <testcase name="delete()" classname="kr.ac.jejunu.user.UserDaoTests" time="0.706"/>
  <testcase name="insert()" classname="kr.ac.jejunu.user.UserDaoTests" time="0.066"/>
  <testcase name="update()" classname="kr.ac.jejunu.user.UserDaoTests" time="0.133"/>
  <testcase name="get()" classname="kr.ac.jejunu.user.UserDaoTests" time="0.025"/>
  <system-out><![CDATA[]]></system-out>
  <system-err><![CDATA[]]></system-err>
</testsuite>
