<?xml version="1.0" encoding="UTF-8"?>
<testsuite name="kr.ac.jejunu.user.UserDaoTests" tests="4" skipped="0" failures="0" errors="0" timestamp="2020-05-17T09:07:47" hostname="yongjae-ubuntu" time="0.922">
  <properties/>
  <testcase name="delete()" classname="kr.ac.jejunu.user.UserDaoTests" time="0.702"/>
  <testcase name="insert()" classname="kr.ac.jejunu.user.UserDaoTests" time="0.076"/>
  <testcase name="update()" classname="kr.ac.jejunu.user.UserDaoTests" time="0.113"/>
  <testcase name="get()" classname="kr.ac.jejunu.user.UserDaoTests" time="0.025"/>
  <system-out><![CDATA[]]></system-out>
  <system-err><![CDATA[]]></system-err>
</testsuite>
