<?xml version="1.0" encoding="UTF-8"?>
<testsuite name="kr.ac.jejunu.user.UserDaoTests" tests="4" skipped="0" failures="0" errors="0" timestamp="2020-05-01T11:02:21" hostname="yongjae-ubuntu" time="0.931">
  <properties/>
  <testcase name="delete()" classname="kr.ac.jejunu.user.UserDaoTests" time="0.671"/>
  <testcase name="insert()" classname="kr.ac.jejunu.user.UserDaoTests" time="0.058"/>
  <testcase name="update()" classname="kr.ac.jejunu.user.UserDaoTests" time="0.176"/>
  <testcase name="get()" classname="kr.ac.jejunu.user.UserDaoTests" time="0.022"/>
  <system-out><![CDATA[]]></system-out>
  <system-err><![CDATA[]]></system-err>
</testsuite>
