<?xml version="1.0" encoding="UTF-8"?>
<testsuite name="kr.ac.jejunu.user.UserDaoTests" tests="4" skipped="0" failures="0" errors="0" timestamp="2020-05-24T07:35:02" hostname="yongjae-ubuntu" time="0.932">
  <properties/>
  <testcase name="delete()" classname="kr.ac.jejunu.user.UserDaoTests" time="0.73"/>
  <testcase name="insert()" classname="kr.ac.jejunu.user.UserDaoTests" time="0.085"/>
  <testcase name="update()" classname="kr.ac.jejunu.user.UserDaoTests" time="0.089"/>
  <testcase name="get()" classname="kr.ac.jejunu.user.UserDaoTests" time="0.024"/>
  <system-out><![CDATA[]]></system-out>
  <system-err><![CDATA[]]></system-err>
</testsuite>
